2023-11-16 02:53:16.421 [8] [config.py:114] [INFO] Starting app
2023-11-16 02:53:30.988 [8] [config.py:114] [INFO] Starting app
2023-11-16 02:54:11.445 [8] [example.py:32] [INFO] post example with: {'name': 'Matias', 'number': 5}
2023-11-16 02:54:19.401 [8] [example.py:54] [INFO] get all examples
2023-11-16 02:54:19.407 [8] [example.py:22] [INFO] Example1
2023-11-16 02:54:57.937 [8] [example.py:80] [INFO] put example with data: {'name': 'Matias', 'number': 54}
2023-11-16 02:54:57.937 [8] [example.py:83] [INFO] put example with name: Matias and data: {'number': 54}
2023-11-16 02:54:57.991 [8] [example.py:54] [INFO] get all examples
2023-11-16 02:59:18.926 [49] [config.py:114] [INFO] Starting app
2023-11-16 02:59:26.367 [50] [config.py:114] [INFO] Starting app
2023-11-16 03:01:03.036 [65] [config.py:114] [INFO] Starting app
2023-11-16 03:01:15.503 [8] [config.py:114] [INFO] Starting app
2023-11-16 03:03:27.390 [17] [config.py:114] [INFO] Starting app
2023-11-16 03:03:35.100 [17] [example.py:54] [INFO] get all examples
2023-11-16 03:03:35.106 [17] [example.py:22] [INFO] Example1
2023-11-16 03:03:38.627 [17] [example.py:32] [INFO] post example with: {'name': '123', 'number': 123}
2023-11-16 03:03:38.637 [17] [example.py:54] [INFO] get all examples
2023-11-16 03:03:43.595 [17] [example.py:32] [INFO] post example with: {'name': '2131231', 'number': 123123}
2023-11-16 03:03:43.605 [17] [example.py:54] [INFO] get all examples
2023-11-16 03:03:55.500 [17] [example.py:95] [INFO] delete example with name: Matias
2023-11-16 03:03:55.560 [17] [example.py:54] [INFO] get all examples
2023-11-16 03:03:57.131 [17] [example.py:95] [INFO] delete example with name: 2131231
2023-11-16 03:03:57.179 [17] [example.py:54] [INFO] get all examples
2023-11-16 03:04:08.625 [17] [example.py:32] [INFO] post example with: {'name': 'Matias', 'number': 5555}
2023-11-16 03:04:08.636 [17] [example.py:54] [INFO] get all examples
2023-11-16 03:04:12.322 [17] [example.py:95] [INFO] delete example with name: 123
2023-11-16 03:04:12.377 [17] [example.py:54] [INFO] get all examples
2023-11-16 03:06:51.664 [17] [example.py:32] [INFO] post example with: {'name': 'Matias', 'number': 44444}
2023-11-16 03:06:52.324 [17] [example.py:32] [INFO] post example with: {'name': 'Matias', 'number': 44444}
2023-11-16 03:06:59.680 [17] [example.py:32] [INFO] post example with: {'name': 'Matias', 'number': 44444}
2023-11-16 03:07:00.195 [17] [example.py:32] [INFO] post example with: {'name': 'Matias', 'number': 44444}
2023-11-16 03:07:00.363 [17] [example.py:32] [INFO] post example with: {'name': 'Matias', 'number': 44444}
2023-11-16 03:07:01.873 [17] [example.py:32] [INFO] post example with: {'name': 'Matias', 'number': 44444}
2023-11-16 03:07:06.284 [17] [example.py:32] [INFO] post example with: {'name': 'Matias', 'number': 44444}
2023-11-16 03:07:11.512 [17] [example.py:32] [INFO] post example with: {'name': 'Matias', 'number': 44444}
2023-11-16 03:07:43.034 [17] [example.py:32] [INFO] post example with: {'name': 'Matias', 'number': 44444}
2023-11-16 03:07:43.464 [17] [example.py:32] [INFO] post example with: {'name': 'Matias', 'number': 44444}
2023-11-16 03:07:43.584 [17] [example.py:32] [INFO] post example with: {'name': 'Matias', 'number': 44444}
2023-11-16 03:08:16.504 [17] [example.py:32] [INFO] post example with: {'name': 'Loki', 'number': 70}
2023-11-16 03:08:19.195 [17] [example.py:54] [INFO] get all examples
2023-11-16 03:08:19.198 [17] [example.py:22] [INFO] Example1
2023-11-16 03:08:25.540 [17] [example.py:32] [INFO] post example with: {'name': '123123', 'number': 3123213}
2023-11-16 03:08:25.550 [17] [example.py:54] [INFO] get all examples
2023-11-16 03:08:36.569 [17] [example.py:95] [INFO] delete example with name: 123123
2023-11-16 03:08:36.617 [17] [example.py:54] [INFO] get all examples
2023-11-16 03:08:55.572 [17] [example.py:95] [INFO] delete example with name: Loki
2023-11-16 03:08:59.015 [17] [example.py:54] [INFO] get all examples
2023-11-16 03:08:59.022 [17] [example.py:22] [INFO] Example1
2023-11-16 03:09:15.936 [17] [example.py:32] [INFO] post example with: {'name': 'Loki', 'number': 70}
2023-11-16 03:09:17.928 [17] [example.py:54] [INFO] get all examples
2023-11-16 03:09:17.948 [17] [example.py:22] [INFO] Example1
2023-11-16 03:09:20.994 [17] [example.py:32] [INFO] post example with: {'name': '123123', 'number': 123123}
2023-11-16 03:09:21.004 [17] [example.py:54] [INFO] get all examples
2023-11-16 03:09:47.774 [17] [example.py:32] [INFO] post example with: {'name': 'matias', 'number': 5555555555}
2023-11-16 03:09:47.784 [17] [example.py:54] [INFO] get all examples
2023-11-16 03:10:05.124 [17] [example.py:32] [INFO] post example with: {'name': '5555', 'number': 5555}
2023-11-16 03:10:05.134 [17] [example.py:54] [INFO] get all examples
2023-11-16 03:10:12.094 [17] [example.py:95] [INFO] delete example with name: 5555
2023-11-16 03:10:12.147 [17] [example.py:54] [INFO] get all examples
2023-11-16 03:10:22.113 [17] [example.py:32] [INFO] post example with: {'name': 'Matias', 'number': 5555}
2023-11-16 03:10:33.861 [17] [example.py:32] [INFO] post example with: {'name': 'pastabaserorico', 'number': 5555}
2023-11-16 03:10:33.874 [17] [example.py:54] [INFO] get all examples
2023-11-16 03:10:38.126 [17] [example.py:95] [INFO] delete example with name: pastabaserorico
2023-11-16 03:10:38.177 [17] [example.py:54] [INFO] get all examples
2023-11-16 03:10:39.448 [17] [example.py:95] [INFO] delete example with name: matias
2023-11-16 03:10:39.497 [17] [example.py:54] [INFO] get all examples
2023-11-16 03:10:40.738 [17] [example.py:95] [INFO] delete example with name: 123123
2023-11-16 03:10:40.747 [17] [example.py:54] [INFO] get all examples
2023-11-16 03:10:42.253 [17] [example.py:95] [INFO] delete example with name: Loki
2023-11-16 03:10:42.308 [17] [example.py:54] [INFO] get all examples
2023-11-16 03:11:16.775 [17] [auth.py:44] [ERROR] Signature has expired.
2023-11-16 03:11:20.136 [17] [example.py:54] [INFO] get all examples
2023-11-16 03:11:20.152 [17] [example.py:22] [INFO] Example1
2023-11-16 03:12:17.783 [17] [auth.py:44] [ERROR] Signature has expired.
2023-11-16 03:12:19.073 [17] [auth.py:44] [ERROR] Signature has expired.
2023-11-16 03:12:19.783 [17] [auth.py:44] [ERROR] Signature has expired.
2023-11-16 03:12:31.217 [17] [example.py:32] [INFO] post example with: {'name': 'Don Gato', 'number': 123}
2023-11-16 03:12:31.228 [17] [example.py:54] [INFO] get all examples
2023-11-16 03:15:04.297 [17] [auth.py:44] [ERROR] Signature has expired.
2023-11-16 03:15:15.774 [17] [example.py:80] [INFO] put example with data: {'name': 'Don Gato', 'number': 12355}
2023-11-16 03:15:15.775 [17] [example.py:83] [INFO] put example with name: Don Gato and data: {'number': 12355}
2023-11-16 03:15:15.782 [17] [example.py:54] [INFO] get all examples
2023-11-16 03:15:25.442 [17] [example.py:54] [INFO] get all examples
2023-11-16 03:15:25.447 [17] [example.py:22] [INFO] Example1
2023-11-16 03:15:38.180 [17] [example.py:32] [INFO] post example with: {'name': 'Don Pasta Base', 'number': 300}
2023-11-16 03:15:38.190 [17] [example.py:54] [INFO] get all examples
2023-11-16 03:22:36.427 [157] [config.py:114] [INFO] Starting app
2023-11-16 03:23:11.893 [165] [config.py:114] [INFO] Starting app
2023-11-16 03:24:33.223 [173] [config.py:114] [INFO] Starting app
2023-11-16 03:24:54.400 [174] [config.py:114] [INFO] Starting app
2023-11-16 03:26:18.766 [189] [config.py:114] [INFO] Starting app
2023-11-16 03:27:25.579 [197] [config.py:114] [INFO] Starting app
2023-11-16 03:27:57.459 [205] [config.py:114] [INFO] Starting app
2023-11-16 03:28:05.090 [206] [config.py:114] [INFO] Starting app
2023-11-16 03:28:18.737 [207] [config.py:114] [INFO] Starting app
